have_func: checking for mmap() in sys/mman.h... -------------------- yes

"gcc-4.2 -o conftest -I/Users/kenta/.rbenv/versions/2.1.2/include/ruby-2.1.0/x86_64-darwin13.0 -I/Users/kenta/.rbenv/versions/2.1.2/include/ruby-2.1.0/ruby/backward -I/Users/kenta/.rbenv/versions/2.1.2/include/ruby-2.1.0 -I. -I/Users/kenta/.rbenv/versions/2.1.2/include  -D_XOPEN_SOURCE -D_DARWIN_C_SOURCE -D_DARWIN_UNLIMITED_SELECT -D_REENTRANT    -O3 -Wno-error=shorten-64-to-32  -pipe conftest.c  -L. -L/Users/kenta/.rbenv/versions/2.1.2/lib -L. -L/Users/kenta/.rbenv/versions/2.1.2/lib  -fstack-protector     -lruby-static -framework CoreFoundation  -lpthread -ldl -lobjc "
checked program was:
/* begin */
1: #include "ruby.h"
2: 
3: int main(int argc, char **argv)
4: {
5:   return 0;
6: }
/* end */

"gcc-4.2 -o conftest -I/Users/kenta/.rbenv/versions/2.1.2/include/ruby-2.1.0/x86_64-darwin13.0 -I/Users/kenta/.rbenv/versions/2.1.2/include/ruby-2.1.0/ruby/backward -I/Users/kenta/.rbenv/versions/2.1.2/include/ruby-2.1.0 -I. -I/Users/kenta/.rbenv/versions/2.1.2/include  -D_XOPEN_SOURCE -D_DARWIN_C_SOURCE -D_DARWIN_UNLIMITED_SELECT -D_REENTRANT    -O3 -Wno-error=shorten-64-to-32  -pipe conftest.c  -L. -L/Users/kenta/.rbenv/versions/2.1.2/lib -L. -L/Users/kenta/.rbenv/versions/2.1.2/lib  -fstack-protector     -lruby-static -framework CoreFoundation  -lpthread -ldl -lobjc "
checked program was:
/* begin */
 1: #include "ruby.h"
 2: 
 3: #include <sys/mman.h>
 4: 
 5: /*top*/
 6: extern int t(void);
 7: int main(int argc, char **argv)
 8: {
 9:   if (argc > 1000000) {
10:     printf("%p", &t);
11:   }
12: 
13:   return 0;
14: }
15: int t(void) { void ((*volatile p)()); p = (void ((*)()))mmap; return 0; }
/* end */

--------------------

have_func: checking for munmap() in sys/mman.h... -------------------- yes

"gcc-4.2 -o conftest -I/Users/kenta/.rbenv/versions/2.1.2/include/ruby-2.1.0/x86_64-darwin13.0 -I/Users/kenta/.rbenv/versions/2.1.2/include/ruby-2.1.0/ruby/backward -I/Users/kenta/.rbenv/versions/2.1.2/include/ruby-2.1.0 -I. -I/Users/kenta/.rbenv/versions/2.1.2/include  -D_XOPEN_SOURCE -D_DARWIN_C_SOURCE -D_DARWIN_UNLIMITED_SELECT -D_REENTRANT    -O3 -Wno-error=shorten-64-to-32  -pipe conftest.c  -L. -L/Users/kenta/.rbenv/versions/2.1.2/lib -L. -L/Users/kenta/.rbenv/versions/2.1.2/lib  -fstack-protector     -lruby-static -framework CoreFoundation  -lpthread -ldl -lobjc "
checked program was:
/* begin */
 1: #include "ruby.h"
 2: 
 3: #include <sys/mman.h>
 4: 
 5: /*top*/
 6: extern int t(void);
 7: int main(int argc, char **argv)
 8: {
 9:   if (argc > 1000000) {
10:     printf("%p", &t);
11:   }
12: 
13:   return 0;
14: }
15: int t(void) { void ((*volatile p)()); p = (void ((*)()))munmap; return 0; }
/* end */

--------------------

have_func: checking for mremap() in sys/mman.h... -------------------- no

"gcc-4.2 -o conftest -I/Users/kenta/.rbenv/versions/2.1.2/include/ruby-2.1.0/x86_64-darwin13.0 -I/Users/kenta/.rbenv/versions/2.1.2/include/ruby-2.1.0/ruby/backward -I/Users/kenta/.rbenv/versions/2.1.2/include/ruby-2.1.0 -I. -I/Users/kenta/.rbenv/versions/2.1.2/include  -D_XOPEN_SOURCE -D_DARWIN_C_SOURCE -D_DARWIN_UNLIMITED_SELECT -D_REENTRANT   -D_GNU_SOURCE   -O3 -Wno-error=shorten-64-to-32  -pipe conftest.c  -L. -L/Users/kenta/.rbenv/versions/2.1.2/lib -L. -L/Users/kenta/.rbenv/versions/2.1.2/lib  -fstack-protector     -lruby-static -framework CoreFoundation  -lpthread -ldl -lobjc "
conftest.c: In function ‘t’:
conftest.c:15: error: ‘mremap’ undeclared (first use in this function)
conftest.c:15: error: (Each undeclared identifier is reported only once
conftest.c:15: error: for each function it appears in.)
checked program was:
/* begin */
 1: #include "ruby.h"
 2: 
 3: #include <sys/mman.h>
 4: 
 5: /*top*/
 6: extern int t(void);
 7: int main(int argc, char **argv)
 8: {
 9:   if (argc > 1000000) {
10:     printf("%p", &t);
11:   }
12: 
13:   return 0;
14: }
15: int t(void) { void ((*volatile p)()); p = (void ((*)()))mremap; return 0; }
/* end */

"gcc-4.2 -o conftest -I/Users/kenta/.rbenv/versions/2.1.2/include/ruby-2.1.0/x86_64-darwin13.0 -I/Users/kenta/.rbenv/versions/2.1.2/include/ruby-2.1.0/ruby/backward -I/Users/kenta/.rbenv/versions/2.1.2/include/ruby-2.1.0 -I. -I/Users/kenta/.rbenv/versions/2.1.2/include  -D_XOPEN_SOURCE -D_DARWIN_C_SOURCE -D_DARWIN_UNLIMITED_SELECT -D_REENTRANT   -D_GNU_SOURCE   -O3 -Wno-error=shorten-64-to-32  -pipe conftest.c  -L. -L/Users/kenta/.rbenv/versions/2.1.2/lib -L. -L/Users/kenta/.rbenv/versions/2.1.2/lib  -fstack-protector     -lruby-static -framework CoreFoundation  -lpthread -ldl -lobjc "
Undefined symbols for architecture x86_64:
  "_mremap", referenced from:
      _t in ccZc9RNp.o
ld: symbol(s) not found for architecture x86_64
collect2: ld returned 1 exit status
checked program was:
/* begin */
 1: #include "ruby.h"
 2: 
 3: #include <sys/mman.h>
 4: 
 5: /*top*/
 6: extern int t(void);
 7: int main(int argc, char **argv)
 8: {
 9:   if (argc > 1000000) {
10:     printf("%p", &t);
11:   }
12: 
13:   return 0;
14: }
15: int t(void) { mremap(); return 0; }
/* end */

--------------------

have_func: checking for getpagesize() in unistd.h... -------------------- yes

"gcc-4.2 -o conftest -I/Users/kenta/.rbenv/versions/2.1.2/include/ruby-2.1.0/x86_64-darwin13.0 -I/Users/kenta/.rbenv/versions/2.1.2/include/ruby-2.1.0/ruby/backward -I/Users/kenta/.rbenv/versions/2.1.2/include/ruby-2.1.0 -I. -I/Users/kenta/.rbenv/versions/2.1.2/include  -D_XOPEN_SOURCE -D_DARWIN_C_SOURCE -D_DARWIN_UNLIMITED_SELECT -D_REENTRANT   -D_GNU_SOURCE  -D_BSD_SOURCE   -O3 -Wno-error=shorten-64-to-32  -pipe conftest.c  -L. -L/Users/kenta/.rbenv/versions/2.1.2/lib -L. -L/Users/kenta/.rbenv/versions/2.1.2/lib  -fstack-protector     -lruby-static -framework CoreFoundation  -lpthread -ldl -lobjc "
checked program was:
/* begin */
 1: #include "ruby.h"
 2: 
 3: #include <unistd.h>
 4: 
 5: /*top*/
 6: extern int t(void);
 7: int main(int argc, char **argv)
 8: {
 9:   if (argc > 1000000) {
10:     printf("%p", &t);
11:   }
12: 
13:   return 0;
14: }
15: int t(void) { void ((*volatile p)()); p = (void ((*)()))getpagesize; return 0; }
/* end */

--------------------

have_func: checking for rb_thread_blocking_region()... -------------------- yes

"gcc-4.2 -o conftest -I/Users/kenta/.rbenv/versions/2.1.2/include/ruby-2.1.0/x86_64-darwin13.0 -I/Users/kenta/.rbenv/versions/2.1.2/include/ruby-2.1.0/ruby/backward -I/Users/kenta/.rbenv/versions/2.1.2/include/ruby-2.1.0 -I. -I/Users/kenta/.rbenv/versions/2.1.2/include  -D_XOPEN_SOURCE -D_DARWIN_C_SOURCE -D_DARWIN_UNLIMITED_SELECT -D_REENTRANT   -D_GNU_SOURCE  -D_BSD_SOURCE   -O3 -Wno-error=shorten-64-to-32  -pipe conftest.c  -L. -L/Users/kenta/.rbenv/versions/2.1.2/lib -L. -L/Users/kenta/.rbenv/versions/2.1.2/lib  -fstack-protector     -lruby-static -framework CoreFoundation  -lpthread -ldl -lobjc "
conftest.c: In function ‘t’:
conftest.c:13: warning: ‘rb_thread_blocking_region’ is deprecated (declared at /Users/kenta/.rbenv/versions/2.1.2/include/ruby-2.1.0/ruby/intern.h:870)
checked program was:
/* begin */
 1: #include "ruby.h"
 2: 
 3: /*top*/
 4: extern int t(void);
 5: int main(int argc, char **argv)
 6: {
 7:   if (argc > 1000000) {
 8:     printf("%p", &t);
 9:   }
10: 
11:   return 0;
12: }
13: int t(void) { void ((*volatile p)()); p = (void ((*)()))rb_thread_blocking_region; return 0; }
/* end */

--------------------

have_func: checking for rb_thread_io_blocking_region()... -------------------- yes

"gcc-4.2 -o conftest -I/Users/kenta/.rbenv/versions/2.1.2/include/ruby-2.1.0/x86_64-darwin13.0 -I/Users/kenta/.rbenv/versions/2.1.2/include/ruby-2.1.0/ruby/backward -I/Users/kenta/.rbenv/versions/2.1.2/include/ruby-2.1.0 -I. -I/Users/kenta/.rbenv/versions/2.1.2/include  -D_XOPEN_SOURCE -D_DARWIN_C_SOURCE -D_DARWIN_UNLIMITED_SELECT -D_REENTRANT   -D_GNU_SOURCE  -D_BSD_SOURCE   -O3 -Wno-error=shorten-64-to-32  -pipe conftest.c  -L. -L/Users/kenta/.rbenv/versions/2.1.2/lib -L. -L/Users/kenta/.rbenv/versions/2.1.2/lib  -fstack-protector     -lruby-static -framework CoreFoundation  -lpthread -ldl -lobjc "
conftest.c: In function ‘t’:
conftest.c:13: error: ‘rb_thread_io_blocking_region’ undeclared (first use in this function)
conftest.c:13: error: (Each undeclared identifier is reported only once
conftest.c:13: error: for each function it appears in.)
checked program was:
/* begin */
 1: #include "ruby.h"
 2: 
 3: /*top*/
 4: extern int t(void);
 5: int main(int argc, char **argv)
 6: {
 7:   if (argc > 1000000) {
 8:     printf("%p", &t);
 9:   }
10: 
11:   return 0;
12: }
13: int t(void) { void ((*volatile p)()); p = (void ((*)()))rb_thread_io_blocking_region; return 0; }
/* end */

"gcc-4.2 -o conftest -I/Users/kenta/.rbenv/versions/2.1.2/include/ruby-2.1.0/x86_64-darwin13.0 -I/Users/kenta/.rbenv/versions/2.1.2/include/ruby-2.1.0/ruby/backward -I/Users/kenta/.rbenv/versions/2.1.2/include/ruby-2.1.0 -I. -I/Users/kenta/.rbenv/versions/2.1.2/include  -D_XOPEN_SOURCE -D_DARWIN_C_SOURCE -D_DARWIN_UNLIMITED_SELECT -D_REENTRANT   -D_GNU_SOURCE  -D_BSD_SOURCE   -O3 -Wno-error=shorten-64-to-32  -pipe conftest.c  -L. -L/Users/kenta/.rbenv/versions/2.1.2/lib -L. -L/Users/kenta/.rbenv/versions/2.1.2/lib  -fstack-protector     -lruby-static -framework CoreFoundation  -lpthread -ldl -lobjc "
checked program was:
/* begin */
 1: #include "ruby.h"
 2: 
 3: /*top*/
 4: extern int t(void);
 5: int main(int argc, char **argv)
 6: {
 7:   if (argc > 1000000) {
 8:     printf("%p", &t);
 9:   }
10: 
11:   return 0;
12: }
13: int t(void) { rb_thread_io_blocking_region(); return 0; }
/* end */

--------------------

checking for GCC 4+ atomic builtins... -------------------- yes

"gcc-4.2 -o conftest -I/Users/kenta/.rbenv/versions/2.1.2/include/ruby-2.1.0/x86_64-darwin13.0 -I/Users/kenta/.rbenv/versions/2.1.2/include/ruby-2.1.0/ruby/backward -I/Users/kenta/.rbenv/versions/2.1.2/include/ruby-2.1.0 -I. -I/Users/kenta/.rbenv/versions/2.1.2/include  -D_XOPEN_SOURCE -D_DARWIN_C_SOURCE -D_DARWIN_UNLIMITED_SELECT -D_REENTRANT   -D_GNU_SOURCE  -D_BSD_SOURCE   -O3 -Wno-error=shorten-64-to-32  -pipe conftest.c  -L. -L/Users/kenta/.rbenv/versions/2.1.2/lib -L. -L/Users/kenta/.rbenv/versions/2.1.2/lib  -fstack-protector     -lruby-static -framework CoreFoundation  -lpthread -ldl -lobjc "
checked program was:
/* begin */
 1: #include "ruby.h"
 2: 
 3: int main(int argc, char * const argv[]) {
 4:         unsigned long i = 0;
 5:         __sync_lock_test_and_set(&i, 0);
 6:         __sync_lock_test_and_set(&i, 1);
 7:         __sync_bool_compare_and_swap(&i, 0, 1);
 8:         __sync_add_and_fetch(&i, argc);
 9:         __sync_sub_and_fetch(&i, argc);
10:         return 0;
11: }
/* end */

--------------------

